#
# There is insufficient memory for the Java Runtime Environment to continue.
# Native memory allocation (malloc) failed to allocate 339536 bytes for Chunk::new
# Possible reasons:
#   The system is out of physical RAM or swap space
#   The process is running with CompressedOops enabled, and the Java Heap may be blocking the growth of the native heap
# Possible solutions:
#   Reduce memory load on the system
#   Increase physical memory or swap space
#   Check if swap backing store is full
#   Decrease Java heap size (-Xmx/-Xms)
#   Decrease number of Java threads
#   Decrease Java thread stack sizes (-Xss)
#   Set larger code cache with -XX:ReservedCodeCacheSize=
#   JVM is running with Unscaled Compressed Oops mode in which the Java heap is
#     placed in the first 4GB address space. The Java Heap base address is the
#     maximum limit for the native heap growth. Please use -XX:HeapBaseMinAddress
#     to set the Java Heap base and to place the Java Heap above 4GB virtual address.
# This output file may be truncated or incomplete.
#
#  Out of Memory Error (./open/src/hotspot/share/memory/arena.cpp:197), pid=57676, tid=51648
#
# JRE version: Java(TM) SE Runtime Environment 18.9 (11.0.15+8) (build 11.0.15+8-LTS-149)
# Java VM: Java HotSpot(TM) 64-Bit Server VM 18.9 (11.0.15+8-LTS-149, mixed mode, tiered, compressed oops, g1 gc, windows-amd64)
# No core dump will be written. Minidumps are not enabled by default on client versions of Windows
#

---------------  S U M M A R Y ------------

Command Line: -javaagent:C:\Program Files\JetBrains\IntelliJ IDEA Community Edition 2022.1\lib\idea_rt.jar=52137:C:\Program Files\JetBrains\IntelliJ IDEA Community Edition 2022.1\bin -Dfile.encoding=UTF-8 com.mycompany.tennis.UI

Host: AMD Ryzen 3 3200U with Radeon Vega Mobile Gfx  , 4 cores, 5G,  Windows 11 , 64 bit Build 22000 (10.0.22000.708)
Time: Sun Sep 25 12:23:50 2022 Est (heure d’été) elapsed time: 6.224256 seconds (0d 0h 0m 6s)

---------------  T H R E A D  ---------------

Current thread (0x000001d041480800):  JavaThread "C2 CompilerThread0" daemon [_thread_in_native, id=51648, stack(0x0000009e1fd00000,0x0000009e1fe00000)]


Current CompileTask:
C2:   6224 1461 % !   4       java.util.concurrent.ConcurrentHashMap::transfer @ 96 (828 bytes)

Stack: [0x0000009e1fd00000,0x0000009e1fe00000]
Native frames: (J=compiled Java code, j=interpreted, Vv=VM code, C=native code)
V  [jvm.dll+0x629d8a]
V  [jvm.dll+0x7638ff]
V  [jvm.dll+0x764fa9]
V  [jvm.dll+0x765633]
V  [jvm.dll+0x23d9c8]
V  [jvm.dll+0xb2a1c]
V  [jvm.dll+0xb2fdc]
V  [jvm.dll+0x341002]
V  [jvm.dll+0x30e9b3]
V  [jvm.dll+0x30dcfa]
V  [jvm.dll+0x1f8565]
V  [jvm.dll+0x1f774d]
V  [jvm.dll+0x177c51]
V  [jvm.dll+0x207026]
V  [jvm.dll+0x2051bb]
V  [jvm.dll+0x729820]
V  [jvm.dll+0x7223f4]
V  [jvm.dll+0x628c26]
C  [ucrtbase.dll+0x26c0c]
C  [KERNEL32.DLL+0x154e0]
C  [ntdll.dll+0x485b]


---------------  P R O C E S S  ---------------

Threads class SMR info:
_java_thread_list=0x000001d042e80590, length=11, elements={
0x000001d02500c000, 0x000001d04141a000, 0x000001d04141d000, 0x000001d04147c800,
0x000001d04147d800, 0x000001d04147e800, 0x000001d041480800, 0x000001d041dc8800,
0x000001d041e1e000, 0x000001d0250e9000, 0x000001d0421bb000
}

Java Threads: ( => current thread )
  0x000001d02500c000 JavaThread "main" [_thread_in_vm, id=55372, stack(0x0000009e1f100000,0x0000009e1f200000)]
  0x000001d04141a000 JavaThread "Reference Handler" daemon [_thread_blocked, id=56424, stack(0x0000009e1f800000,0x0000009e1f900000)]
  0x000001d04141d000 JavaThread "Finalizer" daemon [_thread_blocked, id=21492, stack(0x0000009e1f900000,0x0000009e1fa00000)]
  0x000001d04147c800 JavaThread "Signal Dispatcher" daemon [_thread_blocked, id=48808, stack(0x0000009e1fa00000,0x0000009e1fb00000)]
  0x000001d04147d800 JavaThread "Attach Listener" daemon [_thread_blocked, id=53892, stack(0x0000009e1fb00000,0x0000009e1fc00000)]
  0x000001d04147e800 JavaThread "Service Thread" daemon [_thread_blocked, id=58584, stack(0x0000009e1fc00000,0x0000009e1fd00000)]
=>0x000001d041480800 JavaThread "C2 CompilerThread0" daemon [_thread_in_native, id=51648, stack(0x0000009e1fd00000,0x0000009e1fe00000)]
  0x000001d041dc8800 JavaThread "C1 CompilerThread0" daemon [_thread_blocked, id=14708, stack(0x0000009e1fe00000,0x0000009e1ff00000)]
  0x000001d041e1e000 JavaThread "Sweeper thread" daemon [_thread_blocked, id=50636, stack(0x0000009e1ff00000,0x0000009e20000000)]
  0x000001d0250e9000 JavaThread "Common-Cleaner" daemon [_thread_blocked, id=46228, stack(0x0000009e20000000,0x0000009e20100000)]
  0x000001d0421bb000 JavaThread "Monitor Ctrl-Break" daemon [_thread_in_native, id=48396, stack(0x0000009e20100000,0x0000009e20200000)]

Other Threads:
  0x000001d0413f4800 VMThread "VM Thread" [stack: 0x0000009e1f700000,0x0000009e1f800000] [id=26120]
  0x000001d0421bc800 WatcherThread [stack: 0x0000009e20200000,0x0000009e20300000] [id=53136]
  0x000001d025021000 GCTaskThread "GC Thread#0" [stack: 0x0000009e1f200000,0x0000009e1f300000] [id=53724]
  0x000001d042828000 GCTaskThread "GC Thread#1" [stack: 0x0000009e20400000,0x0000009e20500000] [id=50224]
  0x000001d025047800 ConcurrentGCThread "G1 Main Marker" [stack: 0x0000009e1f300000,0x0000009e1f400000] [id=51780]
  0x000001d025048800 ConcurrentGCThread "G1 Conc#0" [stack: 0x0000009e1f400000,0x0000009e1f500000] [id=58656]
  0x000001d0250be800 ConcurrentGCThread "G1 Refine#0" [stack: 0x0000009e1f500000,0x0000009e1f600000] [id=38276]
  0x000001d0250bf800 ConcurrentGCThread "G1 Young RemSet Sampling" [stack: 0x0000009e1f600000,0x0000009e1f700000] [id=22416]

Threads with active compile tasks:
C2 CompilerThread0   6277 1461 % !   4       java.util.concurrent.ConcurrentHashMap::transfer @ 96 (828 bytes)

VM state:not at safepoint (normal execution)

VM Mutex/Monitor currently owned by a thread: None

Heap address: 0x00000000a0c00000, size: 1524 MB, Compressed Oops mode: 32-bit
Narrow klass base: 0x0000000000000000, Narrow klass shift: 3
Compressed class space size: 1073741824 Address: 0x0000000100000000

Heap:
 garbage-first heap   total 98304K, used 8177K [0x00000000a0c00000, 0x0000000100000000)
  region size 1024K, 5 young (5120K), 2 survivors (2048K)
 Metaspace       used 21500K, capacity 21951K, committed 22144K, reserved 1069056K
  class space    used 2486K, capacity 2662K, committed 2688K, reserved 1048576K
Heap Regions: E=young(eden), S=young(survivor), O=old, HS=humongous(starts), HC=humongous(continues), CS=collection set, F=free, A=archive, TAMS=top-at-mark-start (previous, next)
|   0|0x00000000a0c00000, 0x00000000a0d00000, 0x00000000a0d00000|100%|HS|  |TAMS 0x00000000a0d00000, 0x00000000a0c00000| Complete 
|   1|0x00000000a0d00000, 0x00000000a0e00000, 0x00000000a0e00000|100%| O|  |TAMS 0x00000000a0e00000, 0x00000000a0d00000| Untracked 
|   2|0x00000000a0e00000, 0x00000000a0f00000, 0x00000000a0f00000|100%| O|  |TAMS 0x00000000a0f00000, 0x00000000a0e00000| Untracked 
|   3|0x00000000a0f00000, 0x00000000a1000000, 0x00000000a1000000|100%| O|  |TAMS 0x00000000a1000000, 0x00000000a0f00000| Untracked 
|   4|0x00000000a1000000, 0x00000000a106ea00, 0x00000000a1100000| 43%| O|  |TAMS 0x00000000a106ea00, 0x00000000a1000000| Untracked 
|   5|0x00000000a1100000, 0x00000000a1100000, 0x00000000a1200000|  0%| F|  |TAMS 0x00000000a1100000, 0x00000000a1100000| Untracked 
|   6|0x00000000a1200000, 0x00000000a1200000, 0x00000000a1300000|  0%| F|  |TAMS 0x00000000a1200000, 0x00000000a1200000| Untracked 
|   7|0x00000000a1300000, 0x00000000a1300000, 0x00000000a1400000|  0%| F|  |TAMS 0x00000000a1300000, 0x00000000a1300000| Untracked 
|   8|0x00000000a1400000, 0x00000000a1400000, 0x00000000a1500000|  0%| F|  |TAMS 0x00000000a1400000, 0x00000000a1400000| Untracked 
|   9|0x00000000a1500000, 0x00000000a1500000, 0x00000000a1600000|  0%| F|  |TAMS 0x00000000a1500000, 0x00000000a1500000| Untracked 
|  10|0x00000000a1600000, 0x00000000a1600000, 0x00000000a1700000|  0%| F|  |TAMS 0x00000000a1600000, 0x00000000a1600000| Untracked 
|  11|0x00000000a1700000, 0x00000000a1700000, 0x00000000a1800000|  0%| F|  |TAMS 0x00000000a1700000, 0x00000000a1700000| Untracked 
|  12|0x00000000a1800000, 0x00000000a1800000, 0x00000000a1900000|  0%| F|  |TAMS 0x00000000a1800000, 0x00000000a1800000| Untracked 
|  13|0x00000000a1900000, 0x00000000a1900000, 0x00000000a1a00000|  0%| F|  |TAMS 0x00000000a1900000, 0x00000000a1900000| Untracked 
|  14|0x00000000a1a00000, 0x00000000a1a00000, 0x00000000a1b00000|  0%| F|  |TAMS 0x00000000a1a00000, 0x00000000a1a00000| Untracked 
|  15|0x00000000a1b00000, 0x00000000a1b00000, 0x00000000a1c00000|  0%| F|  |TAMS 0x00000000a1b00000, 0x00000000a1b00000| Untracked 
|  16|0x00000000a1c00000, 0x00000000a1c00000, 0x00000000a1d00000|  0%| F|  |TAMS 0x00000000a1c00000, 0x00000000a1c00000| Untracked 
|  17|0x00000000a1d00000, 0x00000000a1d00000, 0x00000000a1e00000|  0%| F|  |TAMS 0x00000000a1d00000, 0x00000000a1d00000| Untracked 
|  18|0x00000000a1e00000, 0x00000000a1e00000, 0x00000000a1f00000|  0%| F|  |TAMS 0x00000000a1e00000, 0x00000000a1e00000| Untracked 
|  19|0x00000000a1f00000, 0x00000000a1f00000, 0x00000000a2000000|  0%| F|  |TAMS 0x00000000a1f00000, 0x00000000a1f00000| Untracked 
|  20|0x00000000a2000000, 0x00000000a2000000, 0x00000000a2100000|  0%| F|  |TAMS 0x00000000a2000000, 0x00000000a2000000| Untracked 
|  21|0x00000000a2100000, 0x00000000a2100000, 0x00000000a2200000|  0%| F|  |TAMS 0x00000000a2100000, 0x00000000a2100000| Untracked 
|  22|0x00000000a2200000, 0x00000000a2200000, 0x00000000a2300000|  0%| F|  |TAMS 0x00000000a2200000, 0x00000000a2200000| Untracked 
|  23|0x00000000a2300000, 0x00000000a2300000, 0x00000000a2400000|  0%| F|  |TAMS 0x00000000a2300000, 0x00000000a2300000| Untracked 
|  24|0x00000000a2400000, 0x00000000a2400000, 0x00000000a2500000|  0%| F|  |TAMS 0x00000000a2400000, 0x00000000a2400000| Untracked 
|  25|0x00000000a2500000, 0x00000000a2500000, 0x00000000a2600000|  0%| F|  |TAMS 0x00000000a2500000, 0x00000000a2500000| Untracked 
|  26|0x00000000a2600000, 0x00000000a2600000, 0x00000000a2700000|  0%| F|  |TAMS 0x00000000a2600000, 0x00000000a2600000| Untracked 
|  27|0x00000000a2700000, 0x00000000a2700000, 0x00000000a2800000|  0%| F|  |TAMS 0x00000000a2700000, 0x00000000a2700000| Untracked 
|  28|0x00000000a2800000, 0x00000000a2800000, 0x00000000a2900000|  0%| F|  |TAMS 0x00000000a2800000, 0x00000000a2800000| Untracked 
|  29|0x00000000a2900000, 0x00000000a2900000, 0x00000000a2a00000|  0%| F|  |TAMS 0x00000000a2900000, 0x00000000a2900000| Untracked 
|  30|0x00000000a2a00000, 0x00000000a2a00000, 0x00000000a2b00000|  0%| F|  |TAMS 0x00000000a2a00000, 0x00000000a2a00000| Untracked 
|  31|0x00000000a2b00000, 0x00000000a2b00000, 0x00000000a2c00000|  0%| F|  |TAMS 0x00000000a2b00000, 0x00000000a2b00000| Untracked 
|  32|0x00000000a2c00000, 0x00000000a2c00000, 0x00000000a2d00000|  0%| F|  |TAMS 0x00000000a2c00000, 0x00000000a2c00000| Untracked 
|  33|0x00000000a2d00000, 0x00000000a2d00000, 0x00000000a2e00000|  0%| F|  |TAMS 0x00000000a2d00000, 0x00000000a2d00000| Untracked 
|  34|0x00000000a2e00000, 0x00000000a2e00000, 0x00000000a2f00000|  0%| F|  |TAMS 0x00000000a2e00000, 0x00000000a2e00000| Untracked 
|  35|0x00000000a2f00000, 0x00000000a2f00000, 0x00000000a3000000|  0%| F|  |TAMS 0x00000000a2f00000, 0x00000000a2f00000| Untracked 
|  36|0x00000000a3000000, 0x00000000a3000000, 0x00000000a3100000|  0%| F|  |TAMS 0x00000000a3000000, 0x00000000a3000000| Untracked 
|  37|0x00000000a3100000, 0x00000000a3100000, 0x00000000a3200000|  0%| F|  |TAMS 0x00000000a3100000, 0x00000000a3100000| Untracked 
|  38|0x00000000a3200000, 0x00000000a3200000, 0x00000000a3300000|  0%| F|  |TAMS 0x00000000a3200000, 0x00000000a3200000| Untracked 
|  39|0x00000000a3300000, 0x00000000a3300000, 0x00000000a3400000|  0%| F|  |TAMS 0x00000000a3300000, 0x00000000a3300000| Untracked 
|  40|0x00000000a3400000, 0x00000000a3400000, 0x00000000a3500000|  0%| F|  |TAMS 0x00000000a3400000, 0x00000000a3400000| Untracked 
|  41|0x00000000a3500000, 0x00000000a3500000, 0x00000000a3600000|  0%| F|  |TAMS 0x00000000a3500000, 0x00000000a3500000| Untracked 
|  42|0x00000000a3600000, 0x00000000a3600000, 0x00000000a3700000|  0%| F|  |TAMS 0x00000000a3600000, 0x00000000a3600000| Untracked 
|  43|0x00000000a3700000, 0x00000000a3700000, 0x00000000a3800000|  0%| F|  |TAMS 0x00000000a3700000, 0x00000000a3700000| Untracked 
|  44|0x00000000a3800000, 0x00000000a3800000, 0x00000000a3900000|  0%| F|  |TAMS 0x00000000a3800000, 0x00000000a3800000| Untracked 
|  45|0x00000000a3900000, 0x00000000a3900000, 0x00000000a3a00000|  0%| F|  |TAMS 0x00000000a3900000, 0x00000000a3900000| Untracked 
|  46|0x00000000a3a00000, 0x00000000a3a00000, 0x00000000a3b00000|  0%| F|  |TAMS 0x00000000a3a00000, 0x00000000a3a00000| Untracked 
|  47|0x00000000a3b00000, 0x00000000a3b00000, 0x00000000a3c00000|  0%| F|  |TAMS 0x00000000a3b00000, 0x00000000a3b00000| Untracked 
|  48|0x00000000a3c00000, 0x00000000a3c00000, 0x00000000a3d00000|  0%| F|  |TAMS 0x00000000a3c00000, 0x00000000a3c00000| Untracked 
|  49|0x00000000a3d00000, 0x00000000a3d00000, 0x00000000a3e00000|  0%| F|  |TAMS 0x00000000a3d00000, 0x00000000a3d00000| Untracked 
|  50|0x00000000a3e00000, 0x00000000a3e00000, 0x00000000a3f00000|  0%| F|  |TAMS 0x00000000a3e00000, 0x00000000a3e00000| Untracked 
|  51|0x00000000a3f00000, 0x00000000a3f00000, 0x00000000a4000000|  0%| F|  |TAMS 0x00000000a3f00000, 0x00000000a3f00000| Untracked 
|  52|0x00000000a4000000, 0x00000000a4000000, 0x00000000a4100000|  0%| F|  |TAMS 0x00000000a4000000, 0x00000000a4000000| Untracked 
|  53|0x00000000a4100000, 0x00000000a4100000, 0x00000000a4200000|  0%| F|  |TAMS 0x00000000a4100000, 0x00000000a4100000| Untracked 
|  54|0x00000000a4200000, 0x00000000a4200000, 0x00000000a4300000|  0%| F|  |TAMS 0x00000000a4200000, 0x00000000a4200000| Untracked 
|  55|0x00000000a4300000, 0x00000000a4300000, 0x00000000a4400000|  0%| F|  |TAMS 0x00000000a4300000, 0x00000000a4300000| Untracked 
|  56|0x00000000a4400000, 0x00000000a4400000, 0x00000000a4500000|  0%| F|  |TAMS 0x00000000a4400000, 0x00000000a4400000| Untracked 
|  57|0x00000000a4500000, 0x00000000a4500000, 0x00000000a4600000|  0%| F|  |TAMS 0x00000000a4500000, 0x00000000a4500000| Untracked 
|  58|0x00000000a4600000, 0x00000000a4600000, 0x00000000a4700000|  0%| F|  |TAMS 0x00000000a4600000, 0x00000000a4600000| Untracked 
|  59|0x00000000a4700000, 0x00000000a4700000, 0x00000000a4800000|  0%| F|  |TAMS 0x00000000a4700000, 0x00000000a4700000| Untracked 
|  60|0x00000000a4800000, 0x00000000a4800000, 0x00000000a4900000|  0%| F|  |TAMS 0x00000000a4800000, 0x00000000a4800000| Untracked 
|  61|0x00000000a4900000, 0x00000000a4900000, 0x00000000a4a00000|  0%| F|  |TAMS 0x00000000a4900000, 0x00000000a4900000| Untracked 
|  62|0x00000000a4a00000, 0x00000000a4a00000, 0x00000000a4b00000|  0%| F|  |TAMS 0x00000000a4a00000, 0x00000000a4a00000| Untracked 
|  63|0x00000000a4b00000, 0x00000000a4b00000, 0x00000000a4c00000|  0%| F|  |TAMS 0x00000000a4b00000, 0x00000000a4b00000| Untracked 
|  64|0x00000000a4c00000, 0x00000000a4c00000, 0x00000000a4d00000|  0%| F|  |TAMS 0x00000000a4c00000, 0x00000000a4c00000| Untracked 
|  65|0x00000000a4d00000, 0x00000000a4d00000, 0x00000000a4e00000|  0%| F|  |TAMS 0x00000000a4d00000, 0x00000000a4d00000| Untracked 
|  66|0x00000000a4e00000, 0x00000000a4e00000, 0x00000000a4f00000|  0%| F|  |TAMS 0x00000000a4e00000, 0x00000000a4e00000| Untracked 
|  67|0x00000000a4f00000, 0x00000000a4f00000, 0x00000000a5000000|  0%| F|  |TAMS 0x00000000a4f00000, 0x00000000a4f00000| Untracked 
|  68|0x00000000a5000000, 0x00000000a5000000, 0x00000000a5100000|  0%| F|  |TAMS 0x00000000a5000000, 0x00000000a5000000| Untracked 
|  69|0x00000000a5100000, 0x00000000a5100000, 0x00000000a5200000|  0%| F|  |TAMS 0x00000000a5100000, 0x00000000a5100000| Untracked 
|  70|0x00000000a5200000, 0x00000000a5200000, 0x00000000a5300000|  0%| F|  |TAMS 0x00000000a5200000, 0x00000000a5200000| Untracked 
|  71|0x00000000a5300000, 0x00000000a5300000, 0x00000000a5400000|  0%| F|  |TAMS 0x00000000a5300000, 0x00000000a5300000| Untracked 
|  72|0x00000000a5400000, 0x00000000a5400000, 0x00000000a5500000|  0%| F|  |TAMS 0x00000000a5400000, 0x00000000a5400000| Untracked 
|  73|0x00000000a5500000, 0x00000000a5500000, 0x00000000a5600000|  0%| F|  |TAMS 0x00000000a5500000, 0x00000000a5500000| Untracked 
|  74|0x00000000a5600000, 0x00000000a5600000, 0x00000000a5700000|  0%| F|  |TAMS 0x00000000a5600000, 0x00000000a5600000| Untracked 
|  75|0x00000000a5700000, 0x00000000a5700000, 0x00000000a5800000|  0%| F|  |TAMS 0x00000000a5700000, 0x00000000a5700000| Untracked 
|  76|0x00000000a5800000, 0x00000000a5800000, 0x00000000a5900000|  0%| F|  |TAMS 0x00000000a5800000, 0x00000000a5800000| Untracked 
|  77|0x00000000a5900000, 0x00000000a598dc40, 0x00000000a5a00000| 55%| S|CS|TAMS 0x00000000a5900000, 0x00000000a5900000| Complete 
|  78|0x00000000a5a00000, 0x00000000a5b00000, 0x00000000a5b00000|100%| S|CS|TAMS 0x00000000a5a00000, 0x00000000a5a00000| Complete 
|  79|0x00000000a5b00000, 0x00000000a5b00000, 0x00000000a5c00000|  0%| F|  |TAMS 0x00000000a5b00000, 0x00000000a5b00000| Untracked 
|  80|0x00000000a5c00000, 0x00000000a5c00000, 0x00000000a5d00000|  0%| F|  |TAMS 0x00000000a5c00000, 0x00000000a5c00000| Untracked 
|  81|0x00000000a5d00000, 0x00000000a5d00000, 0x00000000a5e00000|  0%| F|  |TAMS 0x00000000a5d00000, 0x00000000a5d00000| Untracked 
|  82|0x00000000a5e00000, 0x00000000a5e00000, 0x00000000a5f00000|  0%| F|  |TAMS 0x00000000a5e00000, 0x00000000a5e00000| Untracked 
|  83|0x00000000a5f00000, 0x00000000a5f00000, 0x00000000a6000000|  0%| F|  |TAMS 0x00000000a5f00000, 0x00000000a5f00000| Untracked 
|  84|0x00000000a6000000, 0x00000000a6000000, 0x00000000a6100000|  0%| F|  |TAMS 0x00000000a6000000, 0x00000000a6000000| Untracked 
|  85|0x00000000a6100000, 0x00000000a6100000, 0x00000000a6200000|  0%| F|  |TAMS 0x00000000a6100000, 0x00000000a6100000| Untracked 
|  86|0x00000000a6200000, 0x00000000a6200000, 0x00000000a6300000|  0%| F|  |TAMS 0x00000000a6200000, 0x00000000a6200000| Untracked 
|  87|0x00000000a6300000, 0x00000000a6300000, 0x00000000a6400000|  0%| F|  |TAMS 0x00000000a6300000, 0x00000000a6300000| Untracked 
|  88|0x00000000a6400000, 0x00000000a6400000, 0x00000000a6500000|  0%| F|  |TAMS 0x00000000a6400000, 0x00000000a6400000| Untracked 
|  89|0x00000000a6500000, 0x00000000a6500000, 0x00000000a6600000|  0%| F|  |TAMS 0x00000000a6500000, 0x00000000a6500000| Untracked 
|  90|0x00000000a6600000, 0x00000000a6600000, 0x00000000a6700000|  0%| F|  |TAMS 0x00000000a6600000, 0x00000000a6600000| Untracked 
|  91|0x00000000a6700000, 0x00000000a6700000, 0x00000000a6800000|  0%| F|  |TAMS 0x00000000a6700000, 0x00000000a6700000| Untracked 
|  92|0x00000000a6800000, 0x00000000a6800000, 0x00000000a6900000|  0%| F|  |TAMS 0x00000000a6800000, 0x00000000a6800000| Untracked 
|  93|0x00000000a6900000, 0x00000000a6a00000, 0x00000000a6a00000|100%| E|  |TAMS 0x00000000a6900000, 0x00000000a6900000| Complete 
|  94|0x00000000a6a00000, 0x00000000a6b00000, 0x00000000a6b00000|100%| E|CS|TAMS 0x00000000a6a00000, 0x00000000a6a00000| Complete 
|  95|0x00000000a6b00000, 0x00000000a6c00000, 0x00000000a6c00000|100%| E|CS|TAMS 0x00000000a6b00000, 0x00000000a6b00000| Complete 

Card table byte_map: [0x000001d03b9c0000,0x000001d03bcc0000] _byte_map_base: 0x000001d03b4ba000

Marking Bits (Prev, Next): (CMBitMap*) 0x000001d025040d90, (CMBitMap*) 0x000001d025040d58
 Prev Bits: [0x000001d03d790000, 0x000001d03ef60000)
 Next Bits: [0x000001d03bfc0000, 0x000001d03d790000)

Polling page: 0x000001d022ee0000

Metaspace:

Usage:
  Non-class:     18.84 MB capacity,    18.58 MB ( 99%) used,   222.81 KB (  1%) free+waste,    37.19 KB ( <1%) overhead. 
      Class:      2.60 MB capacity,     2.43 MB ( 93%) used,   156.23 KB (  6%) free+waste,    17.69 KB ( <1%) overhead. 
       Both:     21.44 MB capacity,    21.02 MB ( 98%) used,   379.05 KB (  2%) free+waste,    54.88 KB ( <1%) overhead. 

Virtual space:
  Non-class space:       20.00 MB reserved,      19.00 MB ( 95%) committed 
      Class space:        1.00 GB reserved,       2.63 MB ( <1%) committed 
             Both:        1.02 GB reserved,      21.63 MB (  2%) committed 

Chunk freelists:
   Non-Class:  4.63 KB
       Class:  3.13 KB
        Both:  7.75 KB

CodeHeap 'non-profiled nmethods': size=120064Kb used=610Kb max_used=610Kb free=119453Kb
 bounds [0x000001d034180000, 0x000001d0343f0000, 0x000001d03b6c0000]
CodeHeap 'profiled nmethods': size=120000Kb used=2740Kb max_used=2740Kb free=117259Kb
 bounds [0x000001d02cc50000, 0x000001d02cf00000, 0x000001d034180000]
CodeHeap 'non-nmethods': size=5696Kb used=1134Kb max_used=1164Kb free=4561Kb
 bounds [0x000001d02c6c0000, 0x000001d02c930000, 0x000001d02cc50000]
 total_blobs=1944 nmethods=1475 adapters=381
 compilation: enabled
              stopped_count=0, restarted_count=0
 full_count=0

Compilation events (10 events):
Event: 6.159 Thread 0x000001d041480800 nmethod 1456 0x000001d034218210 code [0x000001d034218380, 0x000001d0342183f8]
Event: 6.170 Thread 0x000001d041dc8800 1457       3       java.lang.Integer::hashCode (8 bytes)
Event: 6.170 Thread 0x000001d041dc8800 nmethod 1457 0x000001d02cee8d10 code [0x000001d02cee8ea0, 0x000001d02cee8ff8]
Event: 6.170 Thread 0x000001d041dc8800 1458       3       java.lang.Integer::hashCode (2 bytes)
Event: 6.170 Thread 0x000001d041dc8800 nmethod 1458 0x000001d02cee9090 code [0x000001d02cee9220, 0x000001d02cee92f8]
Event: 6.186 Thread 0x000001d041dc8800 1459       3       java.util.Properties::getProperty (50 bytes)
Event: 6.186 Thread 0x000001d041dc8800 nmethod 1459 0x000001d02cee9390 code [0x000001d02cee9560, 0x000001d02cee9a38]
Event: 6.186 Thread 0x000001d041dc8800 1460       3       java.util.logging.LogManager::getProperty (9 bytes)
Event: 6.187 Thread 0x000001d041dc8800 nmethod 1460 0x000001d02cee9b90 code [0x000001d02cee9d40, 0x000001d02cee9f08]
Event: 6.195 Thread 0x000001d041480800 1461 % !   4       java.util.concurrent.ConcurrentHashMap::transfer @ 96 (828 bytes)

GC Heap History (6 events):
Event: 4.508 GC heap before
{Heap before GC invocations=0 (full 0):
 garbage-first heap   total 98304K, used 14336K [0x00000000a0c00000, 0x0000000100000000)
  region size 1024K, 14 young (14336K), 0 survivors (0K)
 Metaspace       used 11836K, capacity 12105K, committed 12288K, reserved 1060864K
  class space    used 1132K, capacity 1211K, committed 1280K, reserved 1048576K
}
Event: 4.513 GC heap after
{Heap after GC invocations=1 (full 0):
 garbage-first heap   total 98304K, used 4291K [0x00000000a0c00000, 0x0000000100000000)
  region size 1024K, 2 young (2048K), 2 survivors (2048K)
 Metaspace       used 11836K, capacity 12105K, committed 12288K, reserved 1060864K
  class space    used 1132K, capacity 1211K, committed 1280K, reserved 1048576K
}
Event: 4.968 GC heap before
{Heap before GC invocations=1 (full 0):
 garbage-first heap   total 98304K, used 15555K [0x00000000a0c00000, 0x0000000100000000)
  region size 1024K, 13 young (13312K), 2 survivors (2048K)
 Metaspace       used 15002K, capacity 15268K, committed 15616K, reserved 1062912K
  class space    used 1585K, capacity 1666K, committed 1792K, reserved 1048576K
}
Event: 4.973 GC heap after
{Heap after GC invocations=2 (full 0):
 garbage-first heap   total 98304K, used 5233K [0x00000000a0c00000, 0x0000000100000000)
  region size 1024K, 1 young (1024K), 1 survivors (1024K)
 Metaspace       used 15002K, capacity 15268K, committed 15616K, reserved 1062912K
  class space    used 1585K, capacity 1666K, committed 1792K, reserved 1048576K
}
Event: 6.003 GC heap before
{Heap before GC invocations=2 (full 0):
 garbage-first heap   total 98304K, used 20593K [0x00000000a0c00000, 0x0000000100000000)
  region size 1024K, 17 young (17408K), 1 survivors (1024K)
 Metaspace       used 20786K, capacity 21137K, committed 21248K, reserved 1069056K
  class space    used 2356K, capacity 2495K, committed 2560K, reserved 1048576K
}
Event: 6.008 GC heap after
{Heap after GC invocations=3 (full 0):
 garbage-first heap   total 98304K, used 6129K [0x00000000a0c00000, 0x0000000100000000)
  region size 1024K, 2 young (2048K), 2 survivors (2048K)
 Metaspace       used 20786K, capacity 21137K, committed 21248K, reserved 1069056K
  class space    used 2356K, capacity 2495K, committed 2560K, reserved 1048576K
}

Deoptimization events (10 events):
Event: 4.867 Thread 0x000001d02500c000 Uncommon trap: reason=unstable_if action=reinterpret pc=0x000001d0341a853c method=java.lang.String.startsWith(Ljava/lang/String;I)Z @ 14 c2
Event: 4.868 Thread 0x000001d02500c000 Uncommon trap: reason=unstable_if action=reinterpret pc=0x000001d0341aae88 method=java.lang.StringLatin1.indexOf([BI[BII)I @ 91 c2
Event: 4.868 Thread 0x000001d02500c000 Uncommon trap: reason=unstable_if action=reinterpret pc=0x000001d0341c9c50 method=java.io.WinNTFileSystem.normalize(Ljava/lang/String;)Ljava/lang/String; @ 40 c2
Event: 4.869 Thread 0x000001d02500c000 Uncommon trap: reason=unstable_if action=reinterpret pc=0x000001d0341ca568 method=java.util.jar.JarFile.checkForSpecialAttributes()V @ 4 c2
Event: 5.032 Thread 0x000001d02500c000 Uncommon trap: reason=unstable_if action=reinterpret pc=0x000001d03419bd74 method=java.util.HashMap.hash(Ljava/lang/Object;)I @ 1 c2
Event: 5.101 Thread 0x000001d02500c000 Uncommon trap: reason=unstable_if action=reinterpret pc=0x000001d0341e8830 method=sun.reflect.generics.parser.SignatureParser.current()C @ 39 c2
Event: 5.315 Thread 0x000001d02500c000 Uncommon trap: reason=unstable_if action=reinterpret pc=0x000001d0341d72f0 method=java.util.concurrent.ConcurrentHashMap.putVal(Ljava/lang/Object;Ljava/lang/Object;Z)Ljava/lang/Object; @ 231 c2
Event: 5.340 Thread 0x000001d02500c000 Uncommon trap: reason=unstable_if action=reinterpret pc=0x000001d0341bef54 method=java.util.concurrent.ConcurrentHashMap.get(Ljava/lang/Object;)Ljava/lang/Object; @ 76 c2
Event: 5.842 Thread 0x000001d02500c000 Uncommon trap: reason=unstable_if action=reinterpret pc=0x000001d0341f2178 method=java.io.WinNTFileSystem.normalize(Ljava/lang/String;)Ljava/lang/String; @ 128 c2
Event: 6.040 Thread 0x000001d02500c000 Uncommon trap: reason=unstable_if action=reinterpret pc=0x000001d0341ed3d8 method=java.util.Objects.equals(Ljava/lang/Object;Ljava/lang/Object;)Z @ 6 c2

Classes redefined (0 events):
No events

Internal exceptions (10 events):
Event: 4.318 Thread 0x000001d02500c000 Exception <a 'java/lang/NoSuchMethodError'{0x00000000a6272730}: java.lang.invoke.DirectMethodHandle$Holder.invokeStatic(Ljava/lang/Object;Ljava/lang/Object;Ljava/lang/Object;Ljava/lang/Object;Ljava/lang/Object;Ljava/lang/Object;Ljava/lang/Object;Ljava/lan
Event: 4.321 Thread 0x000001d02500c000 Exception <a 'java/lang/NoSuchMethodError'{0x00000000a6280398}: java.lang.invoke.DirectMethodHandle$Holder.invokeSpecial(Ljava/lang/Object;Ljava/lang/Object;IILjava/lang/Object;Ljava/lang/Object;Ljava/lang/Object;)Ljava/lang/Object;> (0x00000000a6280398) 
Event: 4.322 Thread 0x000001d02500c000 Exception <a 'java/lang/NoSuchMethodError'{0x00000000a6283920}: java.lang.invoke.DelegatingMethodHandle$Holder.reinvoke_L(Ljava/lang/Object;IILjava/lang/Object;Ljava/lang/Object;Ljava/lang/Object;)Ljava/lang/Object;> (0x00000000a6283920) thrown at [./open
Event: 4.324 Thread 0x000001d02500c000 Exception <a 'java/lang/NoSuchMethodError'{0x00000000a6287ca8}: java.lang.invoke.DirectMethodHandle$Holder.invokeStatic(Ljava/lang/Object;Ljava/lang/Object;Ljava/lang/Object;Ljava/lang/Object;I)Ljava/lang/Object;> (0x00000000a6287ca8) thrown at [./open/sr
Event: 4.392 Thread 0x000001d02500c000 Exception <a 'java/lang/NoSuchMethodError'{0x00000000a60362c8}: java.lang.invoke.DirectMethodHandle$Holder.invokeStatic(Ljava/lang/Object;ILjava/lang/Object;)Ljava/lang/Object;> (0x00000000a60362c8) thrown at [./open/src/hotspot/share/interpreter/linkReso
Event: 4.992 Thread 0x000001d02500c000 Exception <a 'java/lang/NullPointerException'{0x00000000a6be8cd8}> (0x00000000a6be8cd8) thrown at [./open/src/hotspot/share/interpreter/linkResolver.cpp, line 1436]
Event: 5.032 Thread 0x000001d02500c000 Implicit null exception at 0x000001d03419bcd8 to 0x000001d03419bd6a
Event: 5.242 Thread 0x000001d02500c000 Exception <a 'java/lang/ClassNotFoundException'{0x00000000a63cab60}: com/sun/org/apache/xerces/internal/impl/xpath/regex/spi/messageProvider> (0x00000000a63cab60) thrown at [./open/src/hotspot/share/classfile/systemDictionary.cpp, line 226]
Event: 5.442 Thread 0x000001d02500c000 Exception <a 'java/lang/NoSuchMethodError'{0x00000000a5d21e08}: java.lang.invoke.DirectMethodHandle$Holder.invokeStaticInit(Ljava/lang/Object;IIII)Ljava/lang/Object;> (0x00000000a5d21e08) thrown at [./open/src/hotspot/share/interpreter/linkResolver.cpp, l
Event: 5.846 Thread 0x000001d02500c000 Exception <a 'java/lang/NoSuchMethodError'{0x00000000a5d533c8}: java.lang.invoke.DirectMethodHandle$Holder.invokeStaticInit(Ljava/lang/Object;Ljava/lang/Object;IIII)Ljava/lang/Object;> (0x00000000a5d533c8) thrown at [./open/src/hotspot/share/interpreter/l

Events (10 events):
Event: 6.206 loading class org/hibernate/type/descriptor/jdbc/TimestampJdbcType$2
Event: 6.206 loading class org/hibernate/type/descriptor/jdbc/TimestampJdbcType$2 done
Event: 6.207 loading class org/hibernate/type/descriptor/jdbc/BasicExtractor
Event: 6.207 loading class org/hibernate/type/descriptor/jdbc/BasicExtractor done
Event: 6.207 loading class org/hibernate/type/descriptor/jdbc/internal/JdbcLiteralFormatterTemporal
Event: 6.207 loading class org/hibernate/type/descriptor/jdbc/internal/JdbcLiteralFormatterTemporal done
Event: 6.208 loading class org/hibernate/type/descriptor/jdbc/spi/BasicJdbcLiteralFormatter
Event: 6.208 loading class org/hibernate/type/descriptor/jdbc/spi/BasicJdbcLiteralFormatter done
Event: 6.208 loading class org/hibernate/type/descriptor/jdbc/spi/AbstractJdbcLiteralFormatter
Event: 6.208 loading class org/hibernate/type/descriptor/jdbc/spi/AbstractJdbcLiteralFormatter done


Dynamic libraries:
0x00007ff7c79f0000 - 0x00007ff7c79ff000 	C:\Program Files\Java\jdk-11.0.15\bin\java.exe
0x00007ff839e40000 - 0x00007ff83a049000 	C:\WINDOWS\SYSTEM32\ntdll.dll
0x00007ff8386f0000 - 0x00007ff8387ad000 	C:\WINDOWS\System32\KERNEL32.DLL
0x00007ff8373c0000 - 0x00007ff83773c000 	C:\WINDOWS\System32\KERNELBASE.dll
0x00007ff837bb0000 - 0x00007ff837cc1000 	C:\WINDOWS\System32\ucrtbase.dll
0x00007ff81ac00000 - 0x00007ff81ac15000 	C:\Program Files\Java\jdk-11.0.15\bin\VCRUNTIME140.dll
0x00007ff827fb0000 - 0x00007ff827fc8000 	C:\Program Files\Java\jdk-11.0.15\bin\jli.dll
0x00007ff837cd0000 - 0x00007ff837d7e000 	C:\WINDOWS\System32\ADVAPI32.dll
0x00007ff839d30000 - 0x00007ff839dd3000 	C:\WINDOWS\System32\msvcrt.dll
0x00007ff838850000 - 0x00007ff8388ee000 	C:\WINDOWS\System32\sechost.dll
0x00007ff838540000 - 0x00007ff838660000 	C:\WINDOWS\System32\RPCRT4.dll
0x00007ff8388f0000 - 0x00007ff838a9d000 	C:\WINDOWS\System32\USER32.dll
0x00007ff837320000 - 0x00007ff837346000 	C:\WINDOWS\System32\win32u.dll
0x00007ff839d00000 - 0x00007ff839d29000 	C:\WINDOWS\System32\GDI32.dll
0x00007ff8379f0000 - 0x00007ff837b09000 	C:\WINDOWS\System32\gdi32full.dll
0x00007ff821930000 - 0x00007ff821bd5000 	C:\WINDOWS\WinSxS\amd64_microsoft.windows.common-controls_6595b64144ccf1df_6.0.22000.120_none_9d947278b86cc467\COMCTL32.dll
0x00007ff837b10000 - 0x00007ff837bad000 	C:\WINDOWS\System32\msvcp_win.dll
0x00007ff832050000 - 0x00007ff83205a000 	C:\WINDOWS\SYSTEM32\VERSION.dll
0x00007ff838e10000 - 0x00007ff838e41000 	C:\WINDOWS\System32\IMM32.DLL
0x00007ff812300000 - 0x00007ff81239b000 	C:\Program Files\Java\jdk-11.0.15\bin\msvcp140.dll
0x00007fff860a0000 - 0x00007fff86bb6000 	C:\Program Files\Java\jdk-11.0.15\bin\server\jvm.dll
0x00007ff8390c0000 - 0x00007ff8390c8000 	C:\WINDOWS\System32\PSAPI.DLL
0x00007ff832190000 - 0x00007ff8321c3000 	C:\WINDOWS\SYSTEM32\WINMM.dll
0x00007ff831320000 - 0x00007ff831329000 	C:\WINDOWS\SYSTEM32\WSOCK32.dll
0x00007ff839bb0000 - 0x00007ff839c1f000 	C:\WINDOWS\System32\WS2_32.dll
0x00007ff836410000 - 0x00007ff836428000 	C:\WINDOWS\SYSTEM32\kernel.appcore.dll
0x00007ff8321d0000 - 0x00007ff8321e0000 	C:\Program Files\Java\jdk-11.0.15\bin\verify.dll
0x00007ff834d50000 - 0x00007ff834f71000 	C:\WINDOWS\SYSTEM32\DBGHELP.DLL
0x00007ff827450000 - 0x00007ff827481000 	C:\WINDOWS\SYSTEM32\dbgcore.DLL
0x00007ff8378b0000 - 0x00007ff83792f000 	C:\WINDOWS\System32\bcryptPrimitives.dll
0x00007ff819b20000 - 0x00007ff819b48000 	C:\Program Files\Java\jdk-11.0.15\bin\java.dll
0x00007ff826800000 - 0x00007ff82680a000 	C:\Program Files\Java\jdk-11.0.15\bin\jimage.dll
0x00007ff834c80000 - 0x00007ff834c8e000 	C:\Program Files\Java\jdk-11.0.15\bin\instrument.dll
0x00007ff819750000 - 0x00007ff819766000 	C:\Program Files\Java\jdk-11.0.15\bin\zip.dll
0x00007ff837d80000 - 0x00007ff838538000 	C:\WINDOWS\System32\SHELL32.dll
0x00007ff8352e0000 - 0x00007ff835b48000 	C:\WINDOWS\SYSTEM32\windows.storage.dll
0x00007ff839630000 - 0x00007ff8399a9000 	C:\WINDOWS\System32\combase.dll
0x00007ff835170000 - 0x00007ff8352d6000 	C:\WINDOWS\SYSTEM32\wintypes.dll
0x00007ff839540000 - 0x00007ff83962a000 	C:\WINDOWS\System32\SHCORE.dll
0x00007ff839b50000 - 0x00007ff839bad000 	C:\WINDOWS\System32\shlwapi.dll
0x00007ff837250000 - 0x00007ff837271000 	C:\WINDOWS\SYSTEM32\profapi.dll
0x00007ff815b40000 - 0x00007ff815b59000 	C:\Program Files\Java\jdk-11.0.15\bin\net.dll
0x00007ff831ed0000 - 0x00007ff831fdc000 	C:\WINDOWS\SYSTEM32\WINHTTP.dll
0x00007ff836840000 - 0x00007ff8368a7000 	C:\WINDOWS\system32\mswsock.dll
0x00007ff8145a0000 - 0x00007ff8145b2000 	C:\Program Files\Java\jdk-11.0.15\bin\nio.dll
0x00007ff82fe40000 - 0x00007ff82fe5a000 	C:\Program Files\JetBrains\IntelliJ IDEA Community Edition 2022.1\bin\breakgen64.dll
0x00007ff836a80000 - 0x00007ff836a98000 	C:\WINDOWS\SYSTEM32\CRYPTSP.dll
0x00007ff836370000 - 0x00007ff8363a5000 	C:\WINDOWS\system32\rsaenh.dll
0x00007ff836930000 - 0x00007ff836959000 	C:\WINDOWS\SYSTEM32\USERENV.dll
0x00007ff836c10000 - 0x00007ff836c37000 	C:\WINDOWS\SYSTEM32\bcrypt.dll
0x00007ff836aa0000 - 0x00007ff836aac000 	C:\WINDOWS\SYSTEM32\CRYPTBASE.dll
0x00007ff835f90000 - 0x00007ff835fbd000 	C:\WINDOWS\SYSTEM32\IPHLPAPI.DLL
0x00007ff838d20000 - 0x00007ff838d29000 	C:\WINDOWS\System32\NSI.dll
0x00007ff831d90000 - 0x00007ff831da9000 	C:\WINDOWS\SYSTEM32\dhcpcsvc6.DLL
0x00007ff832170000 - 0x00007ff83218e000 	C:\WINDOWS\SYSTEM32\dhcpcsvc.DLL
0x00007ff836000000 - 0x00007ff8360e8000 	C:\WINDOWS\SYSTEM32\DNSAPI.dll

dbghelp: loaded successfully - version: 4.0.5 - missing functions: none
symbol engine: initialized successfully - sym options: 0x614 - pdb path: .;C:\Program Files\Java\jdk-11.0.15\bin;C:\WINDOWS\SYSTEM32;C:\WINDOWS\WinSxS\amd64_microsoft.windows.common-controls_6595b64144ccf1df_6.0.22000.120_none_9d947278b86cc467;C:\Program Files\Java\jdk-11.0.15\bin\server;C:\Program Files\JetBrains\IntelliJ IDEA Community Edition 2022.1\bin

VM Arguments:
jvm_args: -javaagent:C:\Program Files\JetBrains\IntelliJ IDEA Community Edition 2022.1\lib\idea_rt.jar=52137:C:\Program Files\JetBrains\IntelliJ IDEA Community Edition 2022.1\bin -Dfile.encoding=UTF-8 
java_command: com.mycompany.tennis.UI
java_class_path (initial): C:\Users\susta\IdeaProjects\console-ui\target\classes;C:\Users\susta\IdeaProjects\core\target\classes;C:\Users\susta\.m2\repository\mysql\mysql-connector-java\8.0.30\mysql-connector-java-8.0.30.jar;C:\Users\susta\.m2\repository\com\google\protobuf\protobuf-java\3.19.4\protobuf-java-3.19.4.jar;C:\Users\susta\.m2\repository\org\apache\commons\commons-dbcp2\2.9.0\commons-dbcp2-2.9.0.jar;C:\Users\susta\.m2\repository\org\apache\commons\commons-pool2\2.10.0\commons-pool2-2.10.0.jar;C:\Users\susta\.m2\repository\commons-logging\commons-logging\1.2\commons-logging-1.2.jar;C:\Users\susta\.m2\repository\org\hibernate\orm\hibernate-core\6.1.2.Final\hibernate-core-6.1.2.Final.jar;C:\Users\susta\.m2\repository\jakarta\persistence\jakarta.persistence-api\3.0.0\jakarta.persistence-api-3.0.0.jar;C:\Users\susta\.m2\repository\jakarta\transaction\jakarta.transaction-api\2.0.0\jakarta.transaction-api-2.0.0.jar;C:\Users\susta\.m2\repository\org\jboss\logging\jboss-logging\3.4.3.Final\jboss-logging-3.4.3.Final.jar;C:\Users\susta\.m2\repository\org\hibernate\common\hibernate-commons-annotations\6.0.2.Final\hibernate-commons-annotations-6.0.2.Final.jar;C:\Users\susta\.m2\repository\org\jboss\jandex\2.4.2.Final\jandex-2.4.2.Final.jar;C:\Users\susta\.m2\repository\com\fasterxml\classmate\1.5.1\classmate-1.5.1.jar;C:\Users\susta\.m2\repository\net\bytebuddy\byte-buddy\1.12.9\byte-buddy-1.12.9.jar;C:\Users\susta\.m2\repository\jakarta\xml\bind\jakarta.xml.bind-api\3.0.1\jakarta.xml.bind-api-3.0.1.jar;C:\Users\susta\.m2\repository\com\sun\activation\jakarta.activation\2.0.1\jakarta.activation-2.0.1.jar;C:\Users\susta\.m2\repository\org\glassfish\jaxb\jaxb-runtime\3.0.2\jaxb-runtime-3.0.2.jar;C:\Users\susta\.m2\repository\org\glassfish\jaxb\jaxb-core\3.0.2\jaxb-core-3.0.2.jar;C:\Users\susta\.m2\repository\org\glassfish\jaxb\txw2\3.0.2\txw2-3.0.2.jar;C:\Users\susta\.m2\repository\com\sun\istack\istack-commons-runtime\4.0.1\istack-commons-runtime-4.0.1.jar;C:\Users\s
Launcher Type: SUN_STANDARD

[Global flags]
     intx CICompilerCount                          = 3                                         {product} {ergonomic}
     uint ConcGCThreads                            = 1                                         {product} {ergonomic}
     uint G1ConcRefinementThreads                  = 4                                         {product} {ergonomic}
   size_t G1HeapRegionSize                         = 1048576                                   {product} {ergonomic}
    uintx GCDrainStackTargetSize                   = 64                                        {product} {ergonomic}
   size_t InitialHeapSize                          = 100663296                                 {product} {ergonomic}
   size_t MarkStackSize                            = 4194304                                   {product} {ergonomic}
   size_t MaxHeapSize                              = 1598029824                                {product} {ergonomic}
   size_t MaxNewSize                               = 958398464                                 {product} {ergonomic}
   size_t MinHeapDeltaBytes                        = 1048576                                   {product} {ergonomic}
    uintx NonNMethodCodeHeapSize                   = 5830732                                {pd product} {ergonomic}
    uintx NonProfiledCodeHeapSize                  = 122913754                              {pd product} {ergonomic}
    uintx ProfiledCodeHeapSize                     = 122913754                              {pd product} {ergonomic}
    uintx ReservedCodeCacheSize                    = 251658240                              {pd product} {ergonomic}
     bool SegmentedCodeCache                       = true                                      {product} {ergonomic}
     bool UseCompressedClassPointers               = true                                 {lp64_product} {ergonomic}
     bool UseCompressedOops                        = true                                 {lp64_product} {ergonomic}
     bool UseG1GC                                  = true                                      {product} {ergonomic}
     bool UseLargePagesIndividualAllocation        = false                                  {pd product} {ergonomic}

Logging:
Log output configuration:
 #0: stdout all=warning uptime,level,tags
 #1: stderr all=off uptime,level,tags

Environment Variables:
PATH=C:\Program Files\Common Files\Oracle\Java\javapath;C:\WINDOWS\system32;C:\WINDOWS;C:\WINDOWS\System32\Wbem;C:\WINDOWS\System32\WindowsPowerShell\v1.0\;C:\WINDOWS\System32\OpenSSH\;C:\Program Files\Intel\WiFi\bin\;C:\Program Files\Common Files\Intel\WirelessCommon\;C:\Program Files\Git\cmd;C:\Program Files\MySQL\MySQL Shell 8.0\bin\;C:\Users\susta\AppData\Local\Microsoft\WindowsApps;;C:\Program Files\JetBrains\IntelliJ IDEA Community Edition 2022.1\bin;;C:\Users\susta\AppData\Local\Programs\Microsoft VS Code\bin
USERNAME=susta
OS=Windows_NT
PROCESSOR_IDENTIFIER=AMD64 Family 23 Model 24 Stepping 1, AuthenticAMD



---------------  S Y S T E M  ---------------

OS: Windows 11 , 64 bit Build 22000 (10.0.22000.708)

CPU:total 4 (initial active 4) (4 cores per cpu, 2 threads per core) family 23 model 24 stepping 1 microcode 0x0, cmov, cx8, fxsr, mmx, sse, sse2, sse3, ssse3, sse4.1, sse4.2, popcnt, avx, avx2, aes, clmul, mmxext, 3dnowpref, lzcnt, sse4a, ht, tsc, tscinvbit, tscinv, bmi1, bmi2, adx, s

Memory: 4k page, system-wide physical 6094M (420M free)
TotalPageFile size 24526M (AvailPageFile size 0M)
current process WorkingSet (physical memory assigned to process): 90M, peak: 91M
current process commit charge ("private bytes"): 196M, peak: 197M

vm_info: Java HotSpot(TM) 64-Bit Server VM (11.0.15+8-LTS-149) for windows-amd64 JRE (11.0.15+8-LTS-149), built on Mar  9 2022 22:42:32 by "mach5one" with MS VC++ 15.9 (VS2017)

END.
